[INFO  - 2017-05-11T12:21:19.974Z] GhostDriver - Main - running on port 62750
[INFO  - 2017-05-11T12:21:23.444Z] Session [58d94700-3644-11e7-b30a-498873906d77] - page.settings - {"XSSAuditingEnabled":false,"javascriptCanCloseWindows":true,"javascriptCanOpenWindows":true,"javascriptEnabled":true,"loadImages":true,"localToRemoteUrlAccessEnabled":false,"userAgent":"Mozilla/5.0 (Windows NT 6.2; WOW64) AppleWebKit/538.1 (KHTML, like Gecko) PhantomJS/2.1.1 Safari/538.1","webSecurityEnabled":true}
[INFO  - 2017-05-11T12:21:23.445Z] Session [58d94700-3644-11e7-b30a-498873906d77] - page.customHeaders:  - {}
[INFO  - 2017-05-11T12:21:23.445Z] Session [58d94700-3644-11e7-b30a-498873906d77] - Session.negotiatedCapabilities - {"browserName":"phantomjs","version":"2.1.1","driverName":"ghostdriver","driverVersion":"1.2.0","platform":"windows-10-32bit","javascriptEnabled":true,"takesScreenshot":true,"handlesAlerts":false,"databaseEnabled":false,"locationContextEnabled":false,"applicationCacheEnabled":false,"browserConnectionEnabled":false,"cssSelectorsEnabled":true,"webStorageEnabled":false,"rotatable":false,"acceptSslCerts":false,"nativeEvents":true,"proxy":{"proxyType":"direct"}}
[INFO  - 2017-05-11T12:21:23.445Z] SessionManagerReqHand - _postNewSessionCommand - New Session Created: 58d94700-3644-11e7-b30a-498873906d77
[ERROR - 2017-05-11T12:21:35.192Z] Session [58d94700-3644-11e7-b30a-498873906d77] - page.onError - msg: TypeError: undefined is not a constructor (evaluating 'gtmYTPlayers[b].getPlayerState()')

  phantomjs://platform/console++.js:263 in error
[ERROR - 2017-05-11T12:21:35.192Z] Session [58d94700-3644-11e7-b30a-498873906d77] - page.onError - stack:
  (anonymous function) (https://bookinghealth.ru/:5)
  openUrl (:0)
  open (phantomjs://platform/webpage.js:281)
  (anonymous function) (phantomjs://code/session_request_handler.js:495)
  _execFuncAndWaitForLoadDecorator (phantomjs://code/session.js:212)
  _postUrlCommand (phantomjs://code/session_request_handler.js:494)
  _handle (phantomjs://code/session_request_handler.js:91)
  _reroute (phantomjs://code/request_handler.js:61)
  _handle (phantomjs://code/router_request_handler.js:78)

  phantomjs://platform/console++.js:263 in error
[ERROR - 2017-05-11T12:21:44.048Z] Session [58d94700-3644-11e7-b30a-498873906d77] - page.onError - msg: TypeError: undefined is not a constructor (evaluating 'gtmYTPlayers[b].getPlayerState()')

  phantomjs://platform/console++.js:263 in error
[ERROR - 2017-05-11T12:21:44.048Z] Session [58d94700-3644-11e7-b30a-498873906d77] - page.onError - stack:
  (anonymous function) (https://bookinghealth.ru/order:5)
  openUrl (:0)
  open (phantomjs://platform/webpage.js:281)
  (anonymous function) (phantomjs://code/session_request_handler.js:495)
  _execFuncAndWaitForLoadDecorator (phantomjs://code/session.js:212)
  _postUrlCommand (phantomjs://code/session_request_handler.js:494)
  _handle (phantomjs://code/session_request_handler.js:91)
  _reroute (phantomjs://code/request_handler.js:61)
  _handle (phantomjs://code/router_request_handler.js:78)

  phantomjs://platform/console++.js:263 in error
[ERROR - 2017-05-11T12:21:54.648Z] Session [58d94700-3644-11e7-b30a-498873906d77] - page.onError - msg: TypeError: undefined is not a constructor (evaluating 'gtmYTPlayers[b].getPlayerState()')

  phantomjs://platform/console++.js:263 in error
[ERROR - 2017-05-11T12:21:54.648Z] Session [58d94700-3644-11e7-b30a-498873906d77] - page.onError - stack:
  (anonymous function) (https://bookinghealth.com/:5)
  openUrl (:0)
  open (phantomjs://platform/webpage.js:281)
  (anonymous function) (phantomjs://code/session_request_handler.js:495)
  _execFuncAndWaitForLoadDecorator (phantomjs://code/session.js:212)
  _postUrlCommand (phantomjs://code/session_request_handler.js:494)
  _handle (phantomjs://code/session_request_handler.js:91)
  _reroute (phantomjs://code/request_handler.js:61)
  _handle (phantomjs://code/router_request_handler.js:78)

  phantomjs://platform/console++.js:263 in error
